17:53:25.968 [main] DEBUG resources.Base - Enter Password Text is visible
17:53:27.625 [main] DEBUG resources.Base - Password is entered
17:53:28.396 [main] DEBUG resources.Base - Submit Button is clicked
17:53:39.860 [main] DEBUG resources.Base - Stay sign In button clicked
17:53:39.870 [main] DEBUG resources.Base - Title verified and sign is successful
17:53:43.392 [main] INFO  resources.Base - Sign is successful
17:53:45.155 [main] INFO  resources.Base - New Site form is Open
17:53:50.780 [main] INFO  resources.Base - Driver is Initialized
17:53:52.300 [main] INFO  resources.Base - Navigated to URL successfully
17:53:56.434 [main] INFO  resources.Base - Browser is maximized
17:53:57.984 [main] DEBUG resources.Base - SignIn Text is Visible
17:53:58.140 [main] DEBUG resources.Base - Email is entered
17:53:58.214 [main] DEBUG resources.Base - Next Button is clicked
17:53:58.254 [main] DEBUG resources.Base - Enter Password Text is visible
17:53:59.851 [main] DEBUG resources.Base - Password is entered
17:54:00.658 [main] DEBUG resources.Base - Submit Button is clicked
17:54:09.847 [main] DEBUG resources.Base - Stay sign In button clicked
17:54:09.859 [main] DEBUG resources.Base - Title verified and sign is successful
17:54:13.479 [main] INFO  resources.Base - Sign is successful
17:54:15.234 [main] INFO  resources.Base - New Site form is Open
17:54:15.236 [main] INFO  resources.Base - New Site form is Open
17:54:17.482 [main] DEBUG resources.Base - Initiator Designation is selected
17:54:19.237 [main] DEBUG resources.Base - User Department is selected
17:54:20.938 [main] DEBUG resources.Base - Budget Category is selected
17:54:22.621 [main] DEBUG resources.Base - WorkExecutedBy is selected
17:54:22.807 [main] DEBUG resources.Base - EBLineDistance is entered
17:54:22.976 [main] DEBUG resources.Base - Indus ID is entered
17:54:24.699 [main] DEBUG resources.Base - EBLineType is selected
17:54:27.951 [main] DEBUG resources.Base - Site Name is entered
17:54:29.536 [main] DEBUG resources.Base - Connection Type is selected
17:54:31.233 [main] DEBUG resources.Base - Site Type is selected
17:54:31.391 [main] DEBUG resources.Base - TransformerRating is Entered
17:54:31.519 [main] DEBUG resources.Base - Applied Load is Entered
17:54:33.297 [main] DEBUG resources.Base - Subject is Entered
17:54:33.490 [main] DEBUG resources.Base - Praposal is Entered
17:54:33.686 [main] DEBUG resources.Base - Background is Entered
17:54:33.880 [main] DEBUG resources.Base - Justification is Entered
17:54:34.139 [main] DEBUG resources.Base - FinalImplication is Entered
17:54:34.299 [main] DEBUG resources.Base - Total Amount is Entered
17:54:34.409 [main] DEBUG resources.Base - Additional Amount is Entered
17:54:34.508 [main] DEBUG resources.Base - Diesel Cost is Entered
17:54:36.092 [main] DEBUG resources.Base - ROI Attachment is Attached
17:54:36.349 [main] DEBUG resources.Base - BudgetHead is Entered
17:54:36.600 [main] DEBUG resources.Base - Preferred Supplier is Entered
17:54:36.798 [main] DEBUG resources.Base - Reason For Overspending is Entered
17:54:36.995 [main] DEBUG resources.Base - Remarks is Entered
17:54:37.180 [main] DEBUG resources.Base - Recommendation is Entered
17:54:38.734 [main] DEBUG resources.Base - Attachment is Attached
17:54:38.950 [main] DEBUG resources.Base - user comment is Entered
17:54:38.950 [main] INFO  resources.Base - Values entered successfully
17:54:44.362 [main] INFO  resources.Base - Driver is Initialized
17:54:46.443 [main] INFO  resources.Base - Navigated to URL successfully
17:54:51.562 [main] INFO  resources.Base - Browser is maximized
17:54:53.111 [main] DEBUG resources.Base - SignIn Text is Visible
17:54:53.279 [main] DEBUG resources.Base - Email is entered
17:54:53.359 [main] DEBUG resources.Base - Next Button is clicked
17:54:53.399 [main] DEBUG resources.Base - Enter Password Text is visible
17:54:54.993 [main] DEBUG resources.Base - Password is entered
17:54:55.671 [main] DEBUG resources.Base - Submit Button is clicked
17:55:05.030 [main] DEBUG resources.Base - Stay sign In button clicked
17:55:05.039 [main] DEBUG resources.Base - Title verified and sign is successful
17:55:08.549 [main] INFO  resources.Base - Sign is successful
17:55:10.308 [main] INFO  resources.Base - New Site form is Open
17:55:10.310 [main] INFO  resources.Base - New Site form is Open
17:55:12.657 [main] DEBUG resources.Base - Initiator Designation is selected
17:55:14.353 [main] DEBUG resources.Base - User Department is selected
17:55:16.077 [main] DEBUG resources.Base - Budget Category is selected
17:55:17.759 [main] DEBUG resources.Base - WorkExecutedBy is selected
17:55:17.921 [main] DEBUG resources.Base - EBLineDistance is entered
17:55:18.127 [main] DEBUG resources.Base - Indus ID is entered
17:55:19.825 [main] DEBUG resources.Base - EBLineType is selected
17:55:29.971 [main] DEBUG resources.Base - Site Name is entered
17:55:31.556 [main] DEBUG resources.Base - Connection Type is selected
17:55:33.229 [main] DEBUG resources.Base - Site Type is selected
17:55:33.390 [main] DEBUG resources.Base - TransformerRating is Entered
17:55:33.495 [main] DEBUG resources.Base - Applied Load is Entered
17:55:35.258 [main] DEBUG resources.Base - Subject is Entered
17:55:35.451 [main] DEBUG resources.Base - Praposal is Entered
17:55:35.657 [main] DEBUG resources.Base - Background is Entered
17:55:35.896 [main] DEBUG resources.Base - Justification is Entered
17:55:36.077 [main] DEBUG resources.Base - FinalImplication is Entered
17:55:36.260 [main] DEBUG resources.Base - Total Amount is Entered
17:55:36.370 [main] DEBUG resources.Base - Additional Amount is Entered
17:55:36.466 [main] DEBUG resources.Base - Diesel Cost is Entered
17:55:38.060 [main] DEBUG resources.Base - ROI Attachment is Attached
17:55:38.307 [main] DEBUG resources.Base - BudgetHead is Entered
17:55:38.562 [main] DEBUG resources.Base - Preferred Supplier is Entered
17:55:38.754 [main] DEBUG resources.Base - Reason For Overspending is Entered
17:55:38.946 [main] DEBUG resources.Base - Remarks is Entered
17:55:39.167 [main] DEBUG resources.Base - Recommendation is Entered
17:55:40.719 [main] DEBUG resources.Base - Attachment is Attached
17:55:40.904 [main] DEBUG resources.Base - user comment is Entered
17:55:40.905 [main] INFO  resources.Base - Values entered successfully
17:55:40.905 [main] INFO  resources.Base - Values entered successfully
17:56:00.358 [main] INFO  resources.Base - New Site form is submitted successfully
17:56:06.686 [main] INFO  resources.Base - Driver is Initialized
17:56:08.184 [main] INFO  resources.Base - Navigated to URL successfully
17:56:13.147 [main] INFO  resources.Base - Browser is maximized
17:56:14.690 [main] DEBUG resources.Base - SignIn Text is Visible
17:56:14.914 [main] DEBUG resources.Base - Email is entered
17:56:14.991 [main] DEBUG resources.Base - Next Button is clicked
17:56:15.037 [main] DEBUG resources.Base - Enter Password Text is visible
17:56:16.642 [main] DEBUG resources.Base - Password is entered
17:56:17.652 [main] DEBUG resources.Base - Submit Button is clicked
17:56:28.035 [main] DEBUG resources.Base - Stay sign In button clicked
17:56:28.047 [main] DEBUG resources.Base - Title verified and sign is successful
17:58:25.967 [main] INFO  resources.Base - Driver is Initialized
17:58:28.500 [main] INFO  resources.Base - Navigated to URL successfully
17:58:32.666 [main] INFO  resources.Base - Browser is maximized
17:58:34.254 [main] DEBUG resources.Base - SignIn Text is Visible
17:58:34.410 [main] DEBUG resources.Base - Email is entered
17:58:34.487 [main] DEBUG resources.Base - Next Button is clicked
17:58:34.530 [main] DEBUG resources.Base - Enter Password Text is visible
17:58:36.136 [main] DEBUG resources.Base - Password is entered
17:58:36.927 [main] DEBUG resources.Base - Submit Button is clicked
17:58:46.062 [main] DEBUG resources.Base - Stay sign In button clicked
17:58:46.080 [main] DEBUG resources.Base - Title verified and sign is successful
17:58:49.627 [main] INFO  resources.Base - Sign is successful
17:58:51.376 [main] INFO  resources.Base - New Site form is Open
17:58:57.187 [main] INFO  resources.Base - Driver is Initialized
17:58:58.611 [main] INFO  resources.Base - Navigated to URL successfully
17:59:03.742 [main] INFO  resources.Base - Browser is maximized
17:59:05.299 [main] DEBUG resources.Base - SignIn Text is Visible
17:59:05.470 [main] DEBUG resources.Base - Email is entered
17:59:05.546 [main] DEBUG resources.Base - Next Button is clicked
17:59:05.593 [main] DEBUG resources.Base - Enter Password Text is visible
17:59:07.194 [main] DEBUG resources.Base - Password is entered
17:59:07.882 [main] DEBUG resources.Base - Submit Button is clicked
17:59:17.957 [main] DEBUG resources.Base - Stay sign In button clicked
17:59:17.970 [main] DEBUG resources.Base - Title verified and sign is successful
17:59:21.482 [main] INFO  resources.Base - Sign is successful
17:59:23.235 [main] INFO  resources.Base - New Site form is Open
17:59:23.236 [main] INFO  resources.Base - New Site form is Open
17:59:25.460 [main] DEBUG resources.Base - Initiator Designation is selected
17:59:27.146 [main] DEBUG resources.Base - User Department is selected
17:59:28.825 [main] DEBUG resources.Base - Budget Category is selected
17:59:30.569 [main] DEBUG resources.Base - WorkExecutedBy is selected
17:59:30.713 [main] DEBUG resources.Base - EBLineDistance is entered
17:59:30.885 [main] DEBUG resources.Base - Indus ID is entered
17:59:32.586 [main] DEBUG resources.Base - EBLineType is selected
17:59:35.802 [main] DEBUG resources.Base - Site Name is entered
17:59:37.390 [main] DEBUG resources.Base - Connection Type is selected
17:59:39.065 [main] DEBUG resources.Base - Site Type is selected
17:59:39.222 [main] DEBUG resources.Base - TransformerRating is Entered
17:59:39.324 [main] DEBUG resources.Base - Applied Load is Entered
